<?xml version="1.0" encoding="UTF-8"?>
<testng-results skipped="0" failed="1" total="2" passed="1">
  <reporter-output>
  </reporter-output>
  <suite name="Selenium Grid Test Suite" duration-ms="367671" started-at="2018-09-07T12:06:10Z" finished-at="2018-09-07T12:12:18Z">
    <groups>
      <group name="cucumber">
        <method signature="AbstractTestNGCucumberTests.feature(cucumber.api.testng.CucumberFeatureWrapper)[pri:0, instance:com.sdc.automation.runner.TestRunner@34cd072c]" name="feature" class="cucumber.api.testng.AbstractTestNGCucumberTests"/>
      </group> <!-- cucumber -->
    </groups>
    <test name="Selenium Grid Linux Chrome" duration-ms="367671" started-at="2018-09-07T12:06:10Z" finished-at="2018-09-07T12:12:18Z">
      <class name="com.sdc.automation.runner.TestNG">
        <test-method status="PASS" signature="configureSuite(java.lang.String, java.lang.String)[pri:0, instance:com.sdc.automation.runner.TestNG@11438d26]" name="configureSuite" is-config="true" duration-ms="35" started-at="2018-09-07T17:36:10Z" finished-at="2018-09-07T17:36:10Z">
          <params>
            <param index="0">
              <value>
                <![CDATA[http://10.79.236.111:4444/wd/hub]]>
              </value>
            </param>
            <param index="1">
              <value>
                <![CDATA[none]]>
              </value>
            </param>
          </params>
          <reporter-output>
          </reporter-output>
        </test-method> <!-- configureSuite -->
        <test-method status="PASS" signature="configureTest(java.lang.String, java.lang.String, java.lang.String)[pri:0, instance:com.sdc.automation.runner.TestNG@11438d26]" name="configureTest" duration-ms="6" started-at="2018-09-07T17:36:10Z" finished-at="2018-09-07T17:36:10Z">
          <params>
            <param index="0">
              <value>
                <![CDATA[none]]>
              </value>
            </param>
            <param index="1">
              <value>
                <![CDATA[none]]>
              </value>
            </param>
            <param index="2">
              <value>
                <![CDATA[none]]>
              </value>
            </param>
          </params>
          <reporter-output>
          </reporter-output>
        </test-method> <!-- configureTest -->
      </class> <!-- com.sdc.automation.runner.TestNG -->
      <class name="com.sdc.automation.runner.TestRunner">
        <test-method status="PASS" signature="setUpClass()[pri:0, instance:com.sdc.automation.runner.TestRunner@34cd072c]" name="setUpClass" is-config="true" duration-ms="345" started-at="2018-09-07T17:36:10Z" finished-at="2018-09-07T17:36:11Z">
          <reporter-output>
          </reporter-output>
        </test-method> <!-- setUpClass -->
        <test-method status="FAIL" signature="feature(cucumber.api.testng.CucumberFeatureWrapper)[pri:0, instance:com.sdc.automation.runner.TestRunner@34cd072c]" name="feature" duration-ms="366945" started-at="2018-09-07T17:36:11Z" description="Runs Cucumber Feature" data-provider="features" finished-at="2018-09-07T17:42:18Z">
          <params>
            <param index="0">
              <value>
                <![CDATA[Backend Tests]]>
              </value>
            </param>
          </params>
          <exception class="cucumber.runtime.CucumberException">
            <message>
              <![CDATA[java.io.IOException: Stream closed]]>
            </message>
            <full-stacktrace>
              <![CDATA[cucumber.runtime.CucumberException: java.io.IOException: Stream closed
	at cucumber.api.testng.TestNGCucumberRunner.runCucumber(TestNGCucumberRunner.java:69)
	at cucumber.api.testng.AbstractTestNGCucumberTests.feature(AbstractTestNGCucumberTests.java:21)
	at sun.reflect.NativeMethodAccessorImpl.invoke0(Native Method)
	at sun.reflect.NativeMethodAccessorImpl.invoke(NativeMethodAccessorImpl.java:62)
	at sun.reflect.DelegatingMethodAccessorImpl.invoke(DelegatingMethodAccessorImpl.java:43)
	at java.lang.reflect.Method.invoke(Method.java:498)
	at org.testng.internal.MethodInvocationHelper.invokeMethod(MethodInvocationHelper.java:100)
	at org.testng.internal.Invoker.invokeMethod(Invoker.java:646)
	at org.testng.internal.Invoker.invokeTestMethod(Invoker.java:811)
	at org.testng.internal.Invoker.invokeTestMethods(Invoker.java:1137)
	at org.testng.internal.TestMethodWorker.invokeTestMethods(TestMethodWorker.java:129)
	at org.testng.internal.TestMethodWorker.run(TestMethodWorker.java:112)
	at org.testng.TestRunner.privateRun(TestRunner.java:753)
	at org.testng.TestRunner.run(TestRunner.java:607)
	at org.testng.SuiteRunner.runTest(SuiteRunner.java:368)
	at org.testng.SuiteRunner.access$000(SuiteRunner.java:39)
	at org.testng.SuiteRunner$SuiteWorker.run(SuiteRunner.java:402)
	at org.testng.internal.thread.ThreadUtil$2.call(ThreadUtil.java:64)
	at java.util.concurrent.FutureTask.run(FutureTask.java:266)
	at java.util.concurrent.ThreadPoolExecutor.runWorker(ThreadPoolExecutor.java:1149)
	at java.util.concurrent.ThreadPoolExecutor$Worker.run(ThreadPoolExecutor.java:624)
	at java.lang.Thread.run(Thread.java:748)
Caused by: java.io.IOException: Stream closed
	at java.io.BufferedReader.ensureOpen(BufferedReader.java:122)
	at java.io.BufferedReader.readLine(BufferedReader.java:317)
	at java.io.BufferedReader.readLine(BufferedReader.java:389)
	at com.sdc.automation.utilities.FileUtils.hasNullData(FileUtils.java:35)
	at com.sdc.automation.backend.DruidConnection.DruidDataCheckNull(DruidConnection.java:40)
	at com.sdc.automation.stepdefinitions.DruidStepDefinition.DruidDataCheckNull(DruidStepDefinition.java:18)
	at âœ½.And the Druid file is extracted and NULL check begins(Backend.feature:17)
]]>
            </full-stacktrace>
          </exception> <!-- cucumber.runtime.CucumberException -->
          <reporter-output>
          </reporter-output>
        </test-method> <!-- feature -->
        <test-method status="PASS" signature="tearDownClass()[pri:0, instance:com.sdc.automation.runner.TestRunner@34cd072c]" name="tearDownClass" is-config="true" duration-ms="256" started-at="2018-09-07T17:42:18Z" finished-at="2018-09-07T17:42:18Z">
          <reporter-output>
          </reporter-output>
        </test-method> <!-- tearDownClass -->
      </class> <!-- com.sdc.automation.runner.TestRunner -->
    </test> <!-- Selenium Grid Linux Chrome -->
  </suite> <!-- Selenium Grid Test Suite -->
</testng-results>
